[15:24:38] [main/INFO]: Setting user: ForgeDevName
[15:24:39] [Client thread/INFO]: LWJGL Version: 2.9.1
[15:24:44] [Client thread/INFO]: Reloading ResourceManager: Default, FMLFileResourcePack:Forge Mod Loader, FMLFileResourcePack:Minecraft Forge, FMLFileResourcePack:Blink
[15:24:45] [Sound Library Loader/INFO]: Sound engine started
[15:24:45] [Client thread/INFO]: Created: 512x256 textures/blocks-atlas
[15:24:45] [Client thread/INFO]: Created: 256x256 textures/items-atlas
[15:24:45] [Client thread/INFO]: Reloading ResourceManager: Default, FMLFileResourcePack:Forge Mod Loader, FMLFileResourcePack:Minecraft Forge, FMLFileResourcePack:Blink
[15:24:45] [Client thread/ERROR]: Using missing texture, unable to load blink:textures/items/RodOfAges.png
java.io.FileNotFoundException: blink:textures/items/RodOfAges.png
	at net.minecraft.client.resources.FallbackResourceManager.getResource(FallbackResourceManager.java:65) ~[FallbackResourceManager.class:?]
	at net.minecraft.client.resources.SimpleReloadableResourceManager.getResource(SimpleReloadableResourceManager.java:67) ~[SimpleReloadableResourceManager.class:?]
	at net.minecraft.client.renderer.texture.TextureMap.loadTextureAtlas(TextureMap.java:126) [TextureMap.class:?]
	at net.minecraft.client.renderer.texture.TextureMap.loadTexture(TextureMap.java:91) [TextureMap.class:?]
	at net.minecraft.client.renderer.texture.TextureManager.loadTexture(TextureManager.java:89) [TextureManager.class:?]
	at net.minecraft.client.renderer.texture.TextureManager.onResourceManagerReload(TextureManager.java:170) [TextureManager.class:?]
	at net.minecraft.client.resources.SimpleReloadableResourceManager.notifyReloadListeners(SimpleReloadableResourceManager.java:134) [SimpleReloadableResourceManager.class:?]
	at net.minecraft.client.resources.SimpleReloadableResourceManager.reloadResources(SimpleReloadableResourceManager.java:118) [SimpleReloadableResourceManager.class:?]
	at net.minecraft.client.Minecraft.refreshResources(Minecraft.java:653) [Minecraft.class:?]
	at cpw.mods.fml.client.FMLClientHandler.finishMinecraftLoading(FMLClientHandler.java:303) [FMLClientHandler.class:?]
	at net.minecraft.client.Minecraft.startGame(Minecraft.java:596) [Minecraft.class:?]
	at net.minecraft.client.Minecraft.run(Minecraft.java:941) [Minecraft.class:?]
	at net.minecraft.client.main.Main.main(Main.java:164) [Main.class:?]
	at sun.reflect.NativeMethodAccessorImpl.invoke0(Native Method) ~[?:1.7.0_51]
	at sun.reflect.NativeMethodAccessorImpl.invoke(NativeMethodAccessorImpl.java:57) ~[?:1.7.0_51]
	at sun.reflect.DelegatingMethodAccessorImpl.invoke(DelegatingMethodAccessorImpl.java:43) ~[?:1.7.0_51]
	at java.lang.reflect.Method.invoke(Method.java:606) ~[?:1.7.0_51]
	at net.minecraft.launchwrapper.Launch.launch(Launch.java:134) [launchwrapper-1.9.jar:?]
	at net.minecraft.launchwrapper.Launch.main(Launch.java:28) [launchwrapper-1.9.jar:?]
	at sun.reflect.NativeMethodAccessorImpl.invoke0(Native Method) ~[?:1.7.0_51]
	at sun.reflect.NativeMethodAccessorImpl.invoke(NativeMethodAccessorImpl.java:57) ~[?:1.7.0_51]
	at sun.reflect.DelegatingMethodAccessorImpl.invoke(DelegatingMethodAccessorImpl.java:43) ~[?:1.7.0_51]
	at java.lang.reflect.Method.invoke(Method.java:606) ~[?:1.7.0_51]
	at GradleStart.bounce(GradleStart.java:108) [start/:?]
	at GradleStart.startClient(GradleStart.java:101) [start/:?]
	at GradleStart.main(GradleStart.java:56) [start/:?]
	at sun.reflect.NativeMethodAccessorImpl.invoke0(Native Method) ~[?:1.7.0_51]
	at sun.reflect.NativeMethodAccessorImpl.invoke(NativeMethodAccessorImpl.java:57) ~[?:1.7.0_51]
	at sun.reflect.DelegatingMethodAccessorImpl.invoke(DelegatingMethodAccessorImpl.java:43) ~[?:1.7.0_51]
	at java.lang.reflect.Method.invoke(Method.java:606) ~[?:1.7.0_51]
	at com.intellij.rt.execution.application.AppMain.main(AppMain.java:120) [idea_rt.jar:?]
[15:24:45] [Client thread/INFO]: Created: 256x256 textures/items-atlas
[15:24:46] [Client thread/INFO]: Created: 512x256 textures/blocks-atlas
[15:24:47] [Sound Library Loader/INFO]: Sound engine started
[15:24:50] [Server thread/INFO]: Starting integrated minecraft server version 1.7.10
[15:24:50] [Server thread/INFO]: Generating keypair
[15:24:50] [Server thread/INFO]: Preparing start region for level 0
[15:24:51] [Server thread/INFO]: Changing view distance to 12, from 10
[15:24:52] [Server thread/INFO]: ForgeDevName[local:E:af460767] logged in with entity id 442 at (278.84518932913056, 70.0, 61.98837651900516)
[15:24:52] [Server thread/INFO]: ForgeDevName joined the game
[15:24:56] [Server thread/INFO]: Saving and pausing game...
[15:24:56] [Server thread/INFO]: Saving chunks for level 'New World'/Overworld
[15:24:56] [Server thread/INFO]: Saving chunks for level 'New World'/Nether
[15:24:56] [Server thread/INFO]: Saving chunks for level 'New World'/The End
[15:25:00] [Server thread/INFO]: Saving and pausing game...
[15:25:00] [Server thread/INFO]: Saving chunks for level 'New World'/Overworld
[15:25:00] [Server thread/INFO]: Saving chunks for level 'New World'/Nether
[15:25:00] [Server thread/INFO]: Saving chunks for level 'New World'/The End
[15:25:00] [Server thread/INFO]: Stopping server
[15:25:00] [Server thread/INFO]: Saving players
[15:25:00] [Server thread/INFO]: Saving worlds
[15:25:00] [Server thread/INFO]: Saving chunks for level 'New World'/Overworld
[15:25:00] [Server thread/INFO]: Saving chunks for level 'New World'/Nether
[15:25:00] [Server thread/INFO]: Saving chunks for level 'New World'/The End
[15:25:01] [Client thread/INFO]: Stopping!
[16:05:52] [Server thread/INFO]: Starting minecraft server version 1.7.10
