[19:29:02] [Server thread/INFO]: Starting minecraft server version 1.7.10
[19:29:08] [Server thread/INFO]: Loading properties
[19:29:08] [Server thread/INFO]: Default game type: SURVIVAL
[19:29:08] [Server thread/INFO]: Generating keypair
[19:29:08] [Server thread/INFO]: Starting Minecraft server on *:25565
[19:29:09] [Server thread/WARN]: Failed to load user banlist: 
java.io.FileNotFoundException: banned-players.json (The system cannot find the file specified)
	at java.io.FileInputStream.open(Native Method) ~[?:1.7.0_51]
	at java.io.FileInputStream.<init>(FileInputStream.java:146) ~[?:1.7.0_51]
	at com.google.common.io.Files.newReader(Files.java:86) ~[guava-17.0.jar:?]
	at net.minecraft.server.management.UserList.func_152679_g(UserList.java:195) ~[UserList.class:?]
	at net.minecraft.server.dedicated.DedicatedPlayerList.func_152620_y(DedicatedPlayerList.java:124) [DedicatedPlayerList.class:?]
	at net.minecraft.server.dedicated.DedicatedPlayerList.<init>(DedicatedPlayerList.java:31) [DedicatedPlayerList.class:?]
	at net.minecraft.server.dedicated.DedicatedServer.startServer(DedicatedServer.java:214) [DedicatedServer.class:?]
	at net.minecraft.server.MinecraftServer.run(MinecraftServer.java:455) [MinecraftServer.class:?]
	at net.minecraft.server.MinecraftServer$2.run(MinecraftServer.java:762) [MinecraftServer$2.class:?]
[19:29:09] [Server thread/WARN]: Failed to load ip banlist: 
java.io.FileNotFoundException: banned-ips.json (The system cannot find the file specified)
	at java.io.FileInputStream.open(Native Method) ~[?:1.7.0_51]
	at java.io.FileInputStream.<init>(FileInputStream.java:146) ~[?:1.7.0_51]
	at com.google.common.io.Files.newReader(Files.java:86) ~[guava-17.0.jar:?]
	at net.minecraft.server.management.UserList.func_152679_g(UserList.java:195) ~[UserList.class:?]
	at net.minecraft.server.dedicated.DedicatedPlayerList.func_152619_x(DedicatedPlayerList.java:112) [DedicatedPlayerList.class:?]
	at net.minecraft.server.dedicated.DedicatedPlayerList.<init>(DedicatedPlayerList.java:33) [DedicatedPlayerList.class:?]
	at net.minecraft.server.dedicated.DedicatedServer.startServer(DedicatedServer.java:214) [DedicatedServer.class:?]
	at net.minecraft.server.MinecraftServer.run(MinecraftServer.java:455) [MinecraftServer.class:?]
	at net.minecraft.server.MinecraftServer$2.run(MinecraftServer.java:762) [MinecraftServer$2.class:?]
[19:29:09] [Server thread/WARN]: Failed to load operators list: 
java.io.FileNotFoundException: ops.json (The system cannot find the file specified)
	at java.io.FileInputStream.open(Native Method) ~[?:1.7.0_51]
	at java.io.FileInputStream.<init>(FileInputStream.java:146) ~[?:1.7.0_51]
	at com.google.common.io.Files.newReader(Files.java:86) ~[guava-17.0.jar:?]
	at net.minecraft.server.management.UserList.func_152679_g(UserList.java:195) ~[UserList.class:?]
	at net.minecraft.server.dedicated.DedicatedPlayerList.loadOpsList(DedicatedPlayerList.java:136) [DedicatedPlayerList.class:?]
	at net.minecraft.server.dedicated.DedicatedPlayerList.<init>(DedicatedPlayerList.java:35) [DedicatedPlayerList.class:?]
	at net.minecraft.server.dedicated.DedicatedServer.startServer(DedicatedServer.java:214) [DedicatedServer.class:?]
	at net.minecraft.server.MinecraftServer.run(MinecraftServer.java:455) [MinecraftServer.class:?]
	at net.minecraft.server.MinecraftServer$2.run(MinecraftServer.java:762) [MinecraftServer$2.class:?]
[19:29:09] [Server thread/WARN]: Failed to load white-list: 
java.io.FileNotFoundException: whitelist.json (The system cannot find the file specified)
	at java.io.FileInputStream.open(Native Method) ~[?:1.7.0_51]
	at java.io.FileInputStream.<init>(FileInputStream.java:146) ~[?:1.7.0_51]
	at com.google.common.io.Files.newReader(Files.java:86) ~[guava-17.0.jar:?]
	at net.minecraft.server.management.UserList.func_152679_g(UserList.java:195) ~[UserList.class:?]
	at net.minecraft.server.dedicated.DedicatedPlayerList.readWhiteList(DedicatedPlayerList.java:160) [DedicatedPlayerList.class:?]
	at net.minecraft.server.dedicated.DedicatedPlayerList.<init>(DedicatedPlayerList.java:36) [DedicatedPlayerList.class:?]
	at net.minecraft.server.dedicated.DedicatedServer.startServer(DedicatedServer.java:214) [DedicatedServer.class:?]
	at net.minecraft.server.MinecraftServer.run(MinecraftServer.java:455) [MinecraftServer.class:?]
	at net.minecraft.server.MinecraftServer$2.run(MinecraftServer.java:762) [MinecraftServer$2.class:?]
[19:29:09] [Server thread/INFO]: Preparing level "world"
[19:29:09] [Server thread/INFO]: Preparing start region for level 0
[19:29:10] [Server thread/INFO]: Preparing spawn area: 8%
[19:29:11] [Server thread/INFO]: Preparing spawn area: 18%
[19:29:12] [Server thread/INFO]: Preparing spawn area: 32%
[19:29:13] [Server thread/INFO]: Preparing spawn area: 46%
[19:29:14] [Server thread/INFO]: Preparing spawn area: 61%
[19:29:15] [Server thread/INFO]: Preparing spawn area: 75%
[19:29:16] [Server thread/INFO]: Preparing spawn area: 86%
[19:29:17] [Server thread/INFO]: Preparing spawn area: 98%
[19:29:17] [Server thread/INFO]: Done (8,763s)! For help, type "help" or "?"
[19:30:10] [Server thread/INFO]: com.mojang.authlib.GameProfile@d789bd6[id=<null>,name=ForgeDevName,properties={},legacy=false] (/127.0.0.1:59579) lost connection: Internal Exception: java.io.IOException: An existing connection was forcibly closed by the remote host
ck:Blink
[19:29:36] [Sound Library Loader/INFO]: Sound engine started
[19:29:37] [Client thread/INFO]: Created: 512x256 textures/blocks-atlas
[19:29:37] [Client thread/INFO]: Created: 256x256 textures/items-atlas
[19:29:37] [Client thread/INFO]: Reloading ResourceManager: Default, FMLFileResourcePack:Forge Mod Loader, FMLFileResourcePack:Minecraft Forge, FMLFileResourcePack:Blink
[19:29:38] [Client thread/ERROR]: Using missing texture, unable to load blink:textures/items/RodOfAges.png
java.io.FileNotFoundException: blink:textures/items/RodOfAges.png
	at net.minecraft.client.resources.FallbackResourceManager.getResource(FallbackResourceManager.java:65) ~[FallbackResourceManager.class:?]
	at net.minecraft.client.resources.SimpleReloadableResourceManager.getResource(SimpleReloadableResourceManager.java:67) ~[SimpleReloadableResourceManager.class:?]
	at net.minecraft.client.renderer.texture.TextureMap.loadTextureAtlas(TextureMap.java:126) [TextureMap.class:?]
	at net.minecraft.client.renderer.texture.TextureMap.loadTexture(TextureMap.java:91) [TextureMap.class:?]
	at net.minecraft.client.renderer.texture.TextureManager.loadTexture(TextureManager.java:89) [TextureManager.class:?]
	at net.minecraft.client.renderer.texture.TextureManager.onResourceManagerReload(TextureManager.java:170) [TextureManager.class:?]
	at net.minecraft.client.resources.SimpleReloadableResourceManager.notifyReloadListeners(SimpleReloadableResourceManager.java:134) [SimpleReloadableResourceManager.class:?]
	at net.minecraft.client.resources.SimpleReloadableResourceManager.reloadResources(SimpleReloadableResourceManager.java:118) [SimpleReloadableResourceManager.class:?]
	at net.minecraft.client.Minecraft.refreshResources(Minecraft.java:653) [Minecraft.class:?]
	at cpw.mods.fml.client.FMLClientHandler.finishMinecraftLoading(FMLClientHandler.java:303) [FMLClientHandler.class:?]
	at net.minecraft.client.Minecraft.startGame(Minecraft.java:596) [Minecraft.class:?]
	at net.minecraft.client.Minecraft.run(Minecraft.java:941) [Minecraft.class:?]
	at net.minecraft.client.main.Main.main(Main.java:164) [Main.class:?]
	at sun.reflect.NativeMethodAccessorImpl.invoke0(Native Method) ~[?:1.7.0_51]
	at sun.reflect.NativeMethodAccessorImpl.invoke(NativeMethodAccessorImpl.java:57) ~[?:1.7.0_51]
	at sun.reflect.DelegatingMethodAccessorImpl.invoke(DelegatingMethodAccessorImpl.java:43) ~[?:1.7.0_51]
	at java.lang.reflect.Method.invoke(Method.java:606) ~[?:1.7.0_51]
	at net.minecraft.launchwrapper.Launch.launch(Launch.java:134) [launchwrapper-1.9.jar:?]
	at net.minecraft.launchwrapper.Launch.main(Launch.java:28) [launchwrapper-1.9.jar:?]
	at sun.reflect.NativeMethodAccessorImpl.invoke0(Native Method) ~[?:1.7.0_51]
	at sun.reflect.NativeMethodAccessorImpl.invoke(NativeMethodAccessorImpl.java:57) ~[?:1.7.0_51]
	at sun.reflect.DelegatingMethodAccessorImpl.invoke(DelegatingMethodAccessorImpl.java:43) ~[?:1.7.0_51]
	at java.lang.reflect.Method.invoke(Method.java:606) ~[?:1.7.0_51]
	at GradleStart.bounce(GradleStart.java:108) [start/:?]
	at GradleStart.startClient(GradleStart.java:101) [start/:?]
	at GradleStart.main(GradleStart.java:56) [start/:?]
	at sun.reflect.NativeMethodAccessorImpl.invoke0(Native Method) ~[?:1.7.0_51]
	at sun.reflect.NativeMethodAccessorImpl.invoke(NativeMethodAccessorImpl.java:57) ~[?:1.7.0_51]
	at sun.reflect.DelegatingMethodAccessorImpl.invoke(DelegatingMethodAccessorImpl.java:43) ~[?:1.7.0_51]
	at java.lang.reflect.Method.invoke(Method.java:606) ~[?:1.7.0_51]
	at com.intellij.rt.execution.application.AppMain.main(AppMain.java:120) [idea_rt.jar:?]
[19:29:38] [Client thread/INFO]: Created: 256x256 textures/items-atlas
[19:29:38] [Client thread/INFO]: Created: 512x256 textures/blocks-atlas
[19:29:39] [Sound Library Loader/INFO]: Sound engine started
[19:30:09] [Client thread/INFO]: Connecting to localhost, 25565
[19:30:10] [Client thread/FATAL]: Reported exception thrown!
net.minecraft.util.ReportedException: Ticking screen
	at net.minecraft.client.Minecraft.runTick(Minecraft.java:1765) ~[Minecraft.class:?]
	at net.minecraft.client.Minecraft.runGameLoop(Minecraft.java:1038) ~[Minecraft.class:?]
	at net.minecraft.client.Minecraft.run(Minecraft.java:961) [Minecraft.class:?]
	at net.minecraft.client.main.Main.main(Main.java:164) [Main.class:?]
	at sun.reflect.NativeMethodAccessorImpl.invoke0(Native Method) ~[?:1.7.0_51]
	at sun.reflect.NativeMethodAccessorImpl.invoke(NativeMethodAccessorImpl.java:57) ~[?:1.7.0_51]
	at sun.reflect.DelegatingMethodAccessorImpl.invoke(DelegatingMethodAccessorImpl.java:43) ~[?:1.7.0_51]
	at java.lang.reflect.Method.invoke(Method.java:606) ~[?:1.7.0_51]
	at net.minecraft.launchwrapper.Launch.launch(Launch.java:134) [launchwrapper-1.9.jar:?]
	at net.minecraft.launchwrapper.Launch.main(Launch.java:28) [launchwrapper-1.9.jar:?]
	at sun.reflect.NativeMethodAccessorImpl.invoke0(Native Method) ~[?:1.7.0_51]
	at sun.reflect.NativeMethodAccessorImpl.invoke(NativeMethodAccessorImpl.java:57) ~[?:1.7.0_51]
	at sun.reflect.DelegatingMethodAccessorImpl.invoke(DelegatingMethodAccessorImpl.java:43) ~[?:1.7.0_51]
	at java.lang.reflect.Method.invoke(Method.java:606) ~[?:1.7.0_51]
	at GradleStart.bounce(GradleStart.java:108) [start/:?]
	at GradleStart.startClient(GradleStart.java:101) [start/:?]
	at GradleStart.main(GradleStart.java:56) [start/:?]
	at sun.reflect.NativeMethodAccessorImpl.invoke0(Native Method) ~[?:1.7.0_51]
	at sun.reflect.NativeMethodAccessorImpl.invoke(NativeMethodAccessorImpl.java:57) ~[?:1.7.0_51]
	at sun.reflect.DelegatingMethodAccessorImpl.invoke(DelegatingMethodAccessorImpl.java:43) ~[?:1.7.0_51]
	at java.lang.reflect.Method.invoke(Method.java:606) ~[?:1.7.0_51]
	at com.intellij.rt.execution.application.AppMain.main(AppMain.java:120) [idea_rt.jar:?]
Caused by: java.lang.NullPointerException
	at com.mojang.util.UUIDTypeAdapter.fromUUID(UUIDTypeAdapter.java:22) ~[UUIDTypeAdapter.class:?]
	at com.mojang.util.UUIDTypeAdapter.write(UUIDTypeAdapter.java:13) ~[UUIDTypeAdapter.class:?]
	at com.mojang.util.UUIDTypeAdapter.write(UUIDTypeAdapter.java:10) ~[UUIDTypeAdapter.class:?]
	at com.google.gson.internal.bind.TypeAdapterRuntimeTypeWrapper.write(TypeAdapterRuntimeTypeWrapper.java:68) ~[TypeAdapterRuntimeTypeWrapper.class:?]
	at com.google.gson.internal.bind.ReflectiveTypeAdapterFactory$1.write(ReflectiveTypeAdapterFactory.java:89) ~[ReflectiveTypeAdapterFactory$1.class:?]
	at com.google.gson.internal.bind.ReflectiveTypeAdapterFactory$Adapter.write(ReflectiveTypeAdapterFactory.java:195) ~[ReflectiveTypeAdapterFactory$Adapter.class:?]
	at com.google.gson.Gson.toJson(Gson.java:593) ~[Gson.class:?]
	at com.google.gson.Gson.toJson(Gson.java:572) ~[Gson.class:?]
	at com.google.gson.Gson.toJson(Gson.java:527) ~[Gson.class:?]
	at com.google.gson.Gson.toJson(Gson.java:507) ~[Gson.class:?]
	at com.mojang.authlib.yggdrasil.YggdrasilAuthenticationService.makeRequest(YggdrasilAuthenticationService.java:54) ~[YggdrasilAuthenticationService.class:?]
	at com.mojang.authlib.yggdrasil.YggdrasilMinecraftSessionService.joinServer(YggdrasilMinecraftSessionService.java:76) ~[YggdrasilMinecraftSessionService.class:?]
	at net.minecraft.client.network.NetHandlerLoginClient.handleEncryptionRequest(NetHandlerLoginClient.java:62) ~[NetHandlerLoginClient.class:?]
	at net.minecraft.network.login.server.S01PacketEncryptionRequest.processPacket(S01PacketEncryptionRequest.java:54) ~[S01PacketEncryptionRequest.class:?]
	at net.minecraft.network.login.server.S01PacketEncryptionRequest.processPacket(S01PacketEncryptionRequest.java:62) ~[S01PacketEncryptionRequest.class:?]
	at net.minecraft.network.NetworkManager.processReceivedPackets(NetworkManager.java:247) ~[NetworkManager.class:?]
	at net.minecraft.client.multiplayer.GuiConnecting.updateScreen(GuiConnecting.java:116) ~[GuiConnecting.class:?]
	at net.minecraft.client.Minecraft.runTick(Minecraft.java:1751) ~[Minecraft.class:?]
	... 21 more
