[16:44:40] [main/INFO]: Setting user: ForgeDevName
[16:44:42] [Client thread/INFO]: LWJGL Version: 2.9.1
[16:44:49] [Client thread/INFO]: Reloading ResourceManager: Default, FMLFileResourcePack:Forge Mod Loader, FMLFileResourcePack:Minecraft Forge, FMLFileResourcePack:Not Enough Items, FMLFileResourcePack:Blink, FMLFileResourcePack:Forge Microblocks, FMLFileResourcePack:Forge Multipart, FMLFileResourcePack:Minecraft Multipart Plugin
[16:44:52] [Sound Library Loader/INFO]: Sound engine started
[16:44:53] [Client thread/INFO]: Created: 512x256 textures/blocks-atlas
[16:44:53] [Client thread/INFO]: Created: 256x256 textures/items-atlas
[16:44:54] [Client thread/INFO]: Reloading ResourceManager: Default, FMLFileResourcePack:Forge Mod Loader, FMLFileResourcePack:Minecraft Forge, FMLFileResourcePack:Not Enough Items, FMLFileResourcePack:Blink, FMLFileResourcePack:Forge Microblocks, FMLFileResourcePack:Forge Multipart, FMLFileResourcePack:Minecraft Multipart Plugin
[16:44:54] [Client thread/ERROR]: Using missing texture, unable to load blink:textures/items/RodOfAges.png
java.io.FileNotFoundException: blink:textures/items/RodOfAges.png
	at net.minecraft.client.resources.FallbackResourceManager.getResource(FallbackResourceManager.java:65) ~[FallbackResourceManager.class:?]
	at net.minecraft.client.resources.SimpleReloadableResourceManager.getResource(SimpleReloadableResourceManager.java:67) ~[SimpleReloadableResourceManager.class:?]
	at net.minecraft.client.renderer.texture.TextureMap.loadTextureAtlas(TextureMap.java:126) [TextureMap.class:?]
	at net.minecraft.client.renderer.texture.TextureMap.loadTexture(TextureMap.java:91) [TextureMap.class:?]
	at net.minecraft.client.renderer.texture.TextureManager.loadTexture(TextureManager.java:89) [TextureManager.class:?]
	at net.minecraft.client.renderer.texture.TextureManager.onResourceManagerReload(TextureManager.java:170) [TextureManager.class:?]
	at net.minecraft.client.resources.SimpleReloadableResourceManager.notifyReloadListeners(SimpleReloadableResourceManager.java:134) [SimpleReloadableResourceManager.class:?]
	at net.minecraft.client.resources.SimpleReloadableResourceManager.reloadResources(SimpleReloadableResourceManager.java:118) [SimpleReloadableResourceManager.class:?]
	at net.minecraft.client.Minecraft.refreshResources(Minecraft.java:653) [Minecraft.class:?]
	at cpw.mods.fml.client.FMLClientHandler.finishMinecraftLoading(FMLClientHandler.java:303) [FMLClientHandler.class:?]
	at net.minecraft.client.Minecraft.startGame(Minecraft.java:596) [Minecraft.class:?]
	at net.minecraft.client.Minecraft.run(Minecraft.java:941) [Minecraft.class:?]
	at net.minecraft.client.main.Main.main(Main.java:164) [Main.class:?]
	at sun.reflect.NativeMethodAccessorImpl.invoke0(Native Method) ~[?:1.7.0_51]
	at sun.reflect.NativeMethodAccessorImpl.invoke(NativeMethodAccessorImpl.java:57) ~[?:1.7.0_51]
	at sun.reflect.DelegatingMethodAccessorImpl.invoke(DelegatingMethodAccessorImpl.java:43) ~[?:1.7.0_51]
	at java.lang.reflect.Method.invoke(Method.java:606) ~[?:1.7.0_51]
	at net.minecraft.launchwrapper.Launch.launch(Launch.java:134) [launchwrapper-1.9.jar:?]
	at net.minecraft.launchwrapper.Launch.main(Launch.java:28) [launchwrapper-1.9.jar:?]
	at sun.reflect.NativeMethodAccessorImpl.invoke0(Native Method) ~[?:1.7.0_51]
	at sun.reflect.NativeMethodAccessorImpl.invoke(NativeMethodAccessorImpl.java:57) ~[?:1.7.0_51]
	at sun.reflect.DelegatingMethodAccessorImpl.invoke(DelegatingMethodAccessorImpl.java:43) ~[?:1.7.0_51]
	at java.lang.reflect.Method.invoke(Method.java:606) ~[?:1.7.0_51]
	at GradleStart.bounce(GradleStart.java:107) [start/:?]
	at GradleStart.startClient(GradleStart.java:100) [start/:?]
	at GradleStart.main(GradleStart.java:55) [start/:?]
[16:44:54] [Client thread/INFO]: Created: 256x256 textures/items-atlas
[16:44:54] [Client thread/INFO]: Created: 512x256 textures/blocks-atlas
[16:44:55] [Sound Library Loader/INFO]: Sound engine started
[16:45:00] [Server thread/INFO]: Starting integrated minecraft server version 1.7.10
[16:45:00] [Server thread/INFO]: Generating keypair
[16:45:00] [Server thread/INFO]: Preparing start region for level 0
[16:45:02] [Server thread/INFO]: Changing view distance to 12, from 10
[16:45:02] [Server thread/INFO]: ForgeDevName[local:E:ce92f4aa] logged in with entity id 391 at (323.75808933069925, 72.52936759557846, 76.88448621463758)
[16:45:02] [Server thread/INFO]: ForgeDevName joined the game
[16:46:39] [Server thread/INFO]: Saving and pausing game...
[16:46:39] [Server thread/INFO]: Saving chunks for level 'New World'/Overworld
[16:46:39] [Server thread/INFO]: Saving chunks for level 'New World'/Nether
[16:46:39] [Server thread/INFO]: Saving chunks for level 'New World'/The End
[16:46:40] [Server thread/INFO]: Stopping server
[16:46:40] [Server thread/INFO]: Saving players
[16:46:40] [Server thread/INFO]: Saving worlds
[16:46:40] [Server thread/INFO]: Saving chunks for level 'New World'/Overworld
[16:46:40] [Server thread/INFO]: Saving chunks for level 'New World'/Nether
[16:46:40] [Server thread/INFO]: Saving chunks for level 'New World'/The End
[16:46:41] [Client thread/INFO]: Stopping!
